c:\git\futbols\project1\project1\release\vc141.pdb
c:\git\futbols\project1\project1\release\tpoint.obj
c:\git\futbols\project1\project1\release\referee.obj
c:\git\futbols\project1\project1\release\rect.obj
c:\git\futbols\project1\project1\release\player.obj
c:\git\futbols\project1\project1\release\myform.obj
c:\git\futbols\project1\project1\release\lights.obj
c:\git\futbols\project1\project1\release\human.obj
c:\git\futbols\project1\project1\release\halfback.obj
c:\git\futbols\project1\project1\release\goalkeeper.obj
c:\git\futbols\project1\project1\release\girl.obj
c:\git\futbols\project1\project1\release\functions.obj
c:\git\futbols\project1\project1\release\fullback.obj
c:\git\futbols\project1\project1\release\forward.obj
c:\git\futbols\project1\project1\release\field.obj
c:\git\futbols\project1\project1\release\ball.obj
c:\git\futbols\project1\project1\release\assreferee.obj
c:\git\futbols\project1\project1\release\.netframework,version=v4.6.1.assemblyattributes.obj
c:\git\futbols\project1\project1\release\.netframework,version=v4.6.1.assemblyattributes.asm
c:\git\futbols\project1\project1\release\project1.myform.resources
c:\git\futbols\project1\project1\release\futbols.res
c:\git\futbols\project1\project1\release\project1.vcxproj.generateresource.cache
c:\git\futbols\project1\project1\release\futbols.tlog\cl.command.1.tlog
c:\git\futbols\project1\project1\release\futbols.tlog\cl.read.1.tlog
c:\git\futbols\project1\project1\release\futbols.tlog\cl.write.1.tlog
c:\git\futbols\project1\project1\release\futbols.tlog\futbols.write.1u.tlog
c:\git\futbols\project1\project1\release\futbols.tlog\link.command.1.tlog
c:\git\futbols\project1\project1\release\futbols.tlog\link.read.1.tlog
c:\git\futbols\project1\project1\release\futbols.tlog\link.write.1.tlog
c:\git\futbols\project1\project1\release\futbols.tlog\metagen.read.1.tlog
c:\git\futbols\project1\project1\release\futbols.tlog\metagen.write.1.tlog
c:\git\futbols\project1\project1\release\futbols.tlog\rc.command.1.tlog
c:\git\futbols\project1\project1\release\futbols.tlog\rc.read.1.tlog
c:\git\futbols\project1\project1\release\futbols.tlog\rc.write.1.tlog
c:\git\futbols\project1\project1\release\futbols.tlog\tzres.dll.bi
